{
  "masterBundleId": "master_1779773326598",
  "timestamp": "2026-05-26T05:28:46.598Z",
  "subBundles": [
    {
      "bundleId": "bundle_1779773266596",
      "timestamp": "2026-05-26T05:27:46.596Z",
      "logs": [
        {
          "timestamp": "2026-05-26T05:26:49.334Z",
          "level": "ERROR",
          "message": "Database failed"
        },
        {
          "timestamp": "2026-05-26T05:26:49.825Z",
          "level": "ERROR",
          "message": "Database failed"
        },
        {
          "timestamp": "2026-05-26T05:26:51.067Z",
          "level": "ERROR",
          "message": "Database failed"
        },
        {
          "timestamp": "2026-05-26T05:27:11.550Z",
          "level": "INFO",
          "message": "Homepage visited"
        },
        {
          "timestamp": "2026-05-26T05:27:12.295Z",
          "level": "INFO",
          "message": "Homepage visited"
        },
        {
          "timestamp": "2026-05-26T05:27:12.973Z",
          "level": "INFO",
          "message": "Homepage visited"
        },
        {
          "timestamp": "2026-05-26T05:27:13.517Z",
          "level": "INFO",
          "message": "Homepage visited"
        }
      ]
    }
  ]
}
{
  "masterBundleId": "master_1779773446628",
  "timestamp": "2026-05-26T05:30:46.628Z",
  "subBundles": [
    {
      "bundleId": "bundle_1779773326600",
      "timestamp": "2026-05-26T05:28:46.600Z",
      "logs": [
        {
          "timestamp": "2026-05-26T05:27:47.674Z",
          "level": "INFO",
          "message": "User login attempt"
        }
      ]
    }
  ]
}
{
  "masterBundleId": "master_1779774722635",
  "timestamp": "2026-05-26T05:52:02.635Z",
  "subBundles": [
    {
      "bundleId": "bundle_1779774662636",
      "timestamp": "2026-05-26T05:51:02.636Z",
      "logs": [
        {
          "timestamp": "2026-05-26T05:50:05.220Z",
          "level": "INFO",
          "message": "User login attempt"
        },
        {
          "timestamp": "2026-05-26T05:50:05.751Z",
          "level": "INFO",
          "message": "User login attempt"
        },
        {
          "timestamp": "2026-05-26T05:50:06.477Z",
          "level": "INFO",
          "message": "User login attempt"
        }
      ]
    }
  ]
}
{
  "masterBundleId": "master_1779775082699",
  "timestamp": "2026-05-26T05:58:02.699Z",
  "subBundles": [
    {
      "bundleId": "bundle_1779774962702",
      "timestamp": "2026-05-26T05:56:02.702Z",
      "logs": [
        {
          "timestamp": "2026-05-26T05:55:39.029Z",
          "level": "INFO",
          "message": "Homepage visited"
        },
        {
          "timestamp": "2026-05-26T05:55:43.793Z",
          "level": "INFO",
          "message": "Homepage visited"
        },
        {
          "timestamp": "2026-05-26T05:55:44.953Z",
          "level": "INFO",
          "message": "User login attempt"
        },
        {
          "timestamp": "2026-05-26T05:55:45.738Z",
          "level": "INFO",
          "message": "User login attempt"
        },
        {
          "timestamp": "2026-05-26T05:55:50.272Z",
          "level": "INFO",
          "message": "User login attempt"
        },
        {
          "timestamp": "2026-05-26T05:55:52.445Z",
          "level": "ERROR",
          "message": "Database failed"
        },
        {
          "timestamp": "2026-05-26T05:55:53.802Z",
          "level": "ERROR",
          "message": "Database failed"
        }
      ]
    }
  ]
}
{
  "masterBundleId": "master_1779775802852",
  "timestamp": "2026-05-26T06:10:02.852Z",
  "subBundles": [
    {
      "bundleId": "bundle_1779775682861",
      "timestamp": "2026-05-26T06:08:02.861Z",
      "logs": [
        {
          "timestamp": "2026-05-26T06:07:31.447Z",
          "level": "ERROR",
          "message": "Database failed"
        },
        {
          "timestamp": "2026-05-26T06:07:35.946Z",
          "level": "INFO",
          "message": "Homepage visited"
        }
      ]
    }
  ]
}
